<?xml version="1.0" encoding="UTF-8"?>
<testsuite name="parking.ParkingSystemTest" tests="1" skipped="0" failures="0" errors="0" timestamp="2021-08-20T13:49:18" hostname="DESKTOP-C182L95" time="0.02">
  <properties/>
  <testcase name="만차 상태 확인" classname="parking.ParkingSystemTest" time="0.02"/>
  <system-out><![CDATA[5
]]></system-out>
  <system-err><![CDATA[]]></system-err>
</testsuite>
